
1 198
1 482
1 492
10 496
100 744
101 287
102 134
102 590
102 745
103 558
103 602
104 259
106 477
107 171
108 599
109 438
11 311
11 426
110 275
110 567
111 346
111 517
113 249
113 520
114 433
115 717
116 553
116 666
117 256
117 631
12 497
120 160
120 339
121 733
122 219
123 273
123 682
124 697
125 737
126 323
126 328
127 295
127 331
127 707
128 299
13 502
130 185
130 444
131 522
132 442
132 510
132 635
133 551
133 683
134 547
135 258
135 673
136 710
137 192
137 646
138 192
138 388
139 697
14 151
14 306
140 341
140 691
141 518
142 358
142 392
143 315
144 540
145 467
147 334
147 417
148 479
149 489
149 685
149 733
15 57
150 466
150 597
151 310
151 317
152 360
152 395
153 383
154 606
155 717
156 191
156 207
157 312
157 470
158 363
158 734
159 290
159 409
16 711
16 724
160 176
160 738
161 335
161 638
162 371
162 624
164 696
165 644
166 169
167 232
167 684
168 535
169 639
17 491
170 181
171 252
172 565
172 615
173 256
173 389
175 191
175 254
176 499
177 276
178 468
178 578
179 582
179 680
18 143
180 472
180 563
181 491
182 200
182 465
183 464
184 226
184 493
185 521
185 611
186 201
187 449
188 253
189 354
19 81
190 448
190 639
191 619
194 295
195 428
195 550
196 349
196 424
197 347
197 537
199 369
199 608
2 174
2 689
20 197
201 293
201 694
202 454
203 224
203 512
204 250
204 445
205 643
205 750
206 522
206 621
207 662
208 315
209 298
21 528
21 561
210 368
210 737
211 677
212 506
213 616
214 265
215 612
216 537
216 648
217 334
218 567
219 570
22 165
22 217
22 382
220 329
221 639
221 723
222 341
222 516
222 706
224 379
224 547
225 482
225 564
226 747
227 384
229 603
23 143
230 413
230 461
231 244
232 470
233 626
233 628
234 439
234 741
235 466
236 468
237 476
238 280
239 485
239 505
239 549
24 601
24 603
241 487
241 531
243 345
243 511
244 446
245 247
245 289
248 458
248 509
249 741
25 96
250 291
251 627
251 678
251 712
252 269
253 277
254 408
254 577
255 362
255 701
257 406
259 401
26 62
26 99
260 477
260 730
261 588
262 389
263 282
263 555
264 605
265 454
266 419
267 305
267 500
268 371
268 690
269 274
27 237
27 420
27 633
270 368
271 322
271 396
271 686
272 709
275 654
276 473
278 296
278 405
278 642
28 200
28 460
28 599
280 337
281 288
281 356
282 508
283 564
284 667
285 498
285 524
286 299
287 713
288 475
289 322
29 492
291 486
292 385
293 311
294 464
296 560
297 491
297 528
298 711
299 637
3 283
3 413
3 9
30 225
30 623
300 363
301 657
302 375
303 362
304 436
305 425
306 527
306 664
308 481
308 617
309 412
309 688
31 607
310 627
311 733
312 692
313 559
314 620
314 676
315 569
316 364
317 650
318 719
319 350
319 530
32 494
320 467
321 397
321 502
323 431
324 630
325 644
326 397
326 683
327 406
327 580
328 563
329 515
33 282
33 585
330 649
332 524
332 649
333 367
336 401
336 571
336 607
337 344
337 604
338 744
339 562
34 170
34 242
34 735
340 612
340 690
341 655
342 614
342 630
343 361
343 552
345 514
346 605
347 583
348 597
349 533
349 582
35 436
350 704
351 596
351 602
352 525
352 594
353 451
353 570
354 713
355 384
355 497
355 523
356 544
357 671
358 705
359 676
359 702
36 321
362 699
365 381
366 638
367 610
367 674
368 674
369 534
37 543
370 541
372 527
373 474
373 679
374 594
374 722
374 745
375 638
376 534
376 539
377 690
378 545
378 715
379 390
38 253
38 345
380 479
381 686
382 731
385 397
386 445
386 552
387 389
39 114
39 229
39 703
390 681
391 562
392 505
393 572
393 728
394 526
394 719
395 729
395 730
396 460
398 720
399 471
399 636
399 721
4 682
40 112
40 121
400 521
402 516
403 618
403 672
404 728
407 555
407 691
408 728
409 729
41 163
41 72
410 426
410 517
411 519
412 419
414 506
415 553
415 672
416 452
416 563
416 587
418 540
42 421
42 684
421 714
422 473
423 483
423 642
427 435
427 450
428 513
43 426
43 440
430 726
432 699
432 743
433 503
434 511
435 617
437 540
437 702
438 558
438 613
44 124
44 493
440 668
441 720
442 654
443 488
443 555
444 670
446 660
449 667
45 447
45 641
450 514
451 666
452 663
453 677
454 668
455 501
455 687
457 608
457 668
459 636
459 693
46 125
46 198
460 463
461 484
462 498
465 494
469 501
47 261
47 680
470 746
471 480
472 622
474 604
477 631
478 546
478 689
48 447
481 641
483 587
483 592
485 651
486 595
487 708
49 330
49 388
49 62
490 514
495 601
496 662
499 732
5 718
50 370
50 693
500 677
501 660
502 696
503 712
504 528
504 629
506 512
507 636
509 647
51 542
515 634
518 679
52 108
52 598
520 748
522 609
525 643
526 688
529 626
53 383
53 703
531 707
532 624
533 716
535 747
536 587
536 632
538 558
54 402
54 519
541 543
542 748
548 566
548 742
55 246
55 488
55 625
553 573
554 706
56 105
56 602
56 632
561 685
562 731
565 687
567 700
57 740
573 736
574 661
575 708
575 726
576 580
576 665
577 583
579 735
58 390
58 589
580 595
581 681
584 655
586 606
588 595
59 146
591 596
593 698
595 749
596 653
598 709
6 451
60 348
60 568
60 702
609 684
61 143
613 715
614 623
615 680
618 705
624 659
624 713
63 246
630 669
634 705
64 164
64 557
640 698
641 722
645 650
647 682
649 718
65 736
652 653
656 689
657 727
66 627
667 711
67 223
67 89
673 738
68 236
68 429
69 193
69 304
692 695
7 178
7 309
7 725
70 441
704 720
708 721
71 190
71 265
72 241
723 743
726 739
73 154
73 398
74 537
74 601
75 628
75 744
76 578
77 313
77 608
78 136
78 99
79 365
8 240
8 647
80 154
81 556
81 716
82 270
82 363
83 249
83 420
84 441
85 227
85 723
86 279
86 606
87 119
87 593
87 94
88 118
88 193
89 185
9 364
90 510
90 600
91 111
91 97
92 207
93 574
94 250
94 307
95 213
95 301
96 348
96 456
98 750
99 129
